<?xml version="1.0" encoding="utf-8"?><testsuites name="pytest tests"><testsuite name="pytest" errors="0" failures="0" skipped="0" tests="21" time="6.312" timestamp="2026-02-03T21:17:13.522332+00:00" hostname="agent-env-e9a4ec93-6a44-454a-af3c-77972319845f"><testcase classname="backend.tests.test_super_admin_features.TestSuperAdminAuth" name="test_super_admin_login_success" time="0.302" /><testcase classname="backend.tests.test_super_admin_features.TestSuperAdminAuth" name="test_super_admin_login_wrong_password" time="0.265" /><testcase classname="backend.tests.test_super_admin_features.TestSuperAdminAuth" name="test_regular_admin_login" time="0.263" /><testcase classname="backend.tests.test_super_admin_features.TestSuperAdminDashboard" name="test_super_admin_dashboard_access" time="0.307" /><testcase classname="backend.tests.test_super_admin_features.TestSuperAdminDashboard" name="test_regular_admin_cannot_access_super_dashboard" time="0.310" /><testcase classname="backend.tests.test_super_admin_features.TestAdminManagement" name="test_create_admin_account" time="0.825" /><testcase classname="backend.tests.test_super_admin_features.TestAdminManagement" name="test_get_all_admins" time="0.303" /><testcase classname="backend.tests.test_super_admin_features.TestAdminManagement" name="test_regular_admin_cannot_create_admin" time="0.295" /><testcase classname="backend.tests.test_super_admin_features.TestPartnersCRUD" name="test_create_partner" time="0.339" /><testcase classname="backend.tests.test_super_admin_features.TestPartnersCRUD" name="test_get_all_partners_admin" time="0.298" /><testcase classname="backend.tests.test_super_admin_features.TestPartnersCRUD" name="test_get_public_partners" time="0.038" /><testcase classname="backend.tests.test_super_admin_features.TestPartnersCRUD" name="test_update_partner" time="0.417" /><testcase classname="backend.tests.test_super_admin_features.TestProgrammeDirector" name="test_get_programme_director_public" time="0.040" /><testcase classname="backend.tests.test_super_admin_features.TestProgrammeDirector" name="test_update_programme_director" time="0.380" /><testcase classname="backend.tests.test_super_admin_features.TestContactInfo" name="test_get_contact_info_public" time="0.040" /><testcase classname="backend.tests.test_super_admin_features.TestContactInfo" name="test_update_contact_info" time="0.296" /><testcase classname="backend.tests.test_super_admin_features.TestCallbackRequests" name="test_create_callback_request_public" time="0.040" /><testcase classname="backend.tests.test_super_admin_features.TestCallbackRequests" name="test_get_callback_requests_admin" time="0.322" /><testcase classname="backend.tests.test_super_admin_features.TestCallbackRequests" name="test_callback_creates_lead" time="0.381" /><testcase classname="backend.tests.test_super_admin_features.TestAssessmentCategoriesWithBrands" name="test_get_assessment_categories" time="0.299" /><testcase classname="backend.tests.test_super_admin_features.TestAssessmentCategoriesWithBrands" name="test_update_category_with_brand_assignment" time="0.495" /></testsuite></testsuites>