<?xml version="1.0" encoding="utf-8"?><testsuites name="pytest tests"><testsuite name="pytest" errors="0" failures="0" skipped="0" tests="15" time="4.325" timestamp="2026-01-30T11:55:34.992303+00:00" hostname="agent-env-96e1b6d5-2c1d-483d-a544-f0b01a1a3bca"><testcase classname="backend.tests.test_registration_reports.TestAdminAuth" name="test_admin_login" time="0.306" /><testcase classname="backend.tests.test_registration_reports.TestRegistrationControl" name="test_get_programs_list" time="0.338" /><testcase classname="backend.tests.test_registration_reports.TestRegistrationControl" name="test_toggle_registration_close" time="0.376" /><testcase classname="backend.tests.test_registration_reports.TestRegistrationControl" name="test_toggle_registration_open" time="0.369" /><testcase classname="backend.tests.test_registration_reports.TestRegistrationControl" name="test_registration_toggle_unauthorized" time="0.324" /><testcase classname="backend.tests.test_registration_reports.TestRegistrationControl" name="test_registration_toggle_invalid_program" time="0.296" /><testcase classname="backend.tests.test_registration_reports.TestUniversityReports" name="test_download_weekly_report" time="0.306" /><testcase classname="backend.tests.test_registration_reports.TestUniversityReports" name="test_download_monthly_report" time="0.309" /><testcase classname="backend.tests.test_registration_reports.TestUniversityReports" name="test_download_batch_report" time="0.336" /><testcase classname="backend.tests.test_registration_reports.TestUniversityReports" name="test_generate_completion_report" time="0.335" /><testcase classname="backend.tests.test_registration_reports.TestUniversityReports" name="test_reports_unauthorized" time="0.322" /><testcase classname="backend.tests.test_registration_reports.TestLeadCaptureForClosedPrograms" name="test_create_lead_for_closed_program" time="0.034" /><testcase classname="backend.tests.test_registration_reports.TestLeadCaptureForClosedPrograms" name="test_verify_lead_in_admin" time="0.291" /><testcase classname="backend.tests.test_registration_reports.TestProgramsPublicEndpoint" name="test_programs_show_registration_status" time="0.038" /><testcase classname="backend.tests.test_registration_reports.TestCleanup" name="test_cleanup_test_leads" time="0.293" /></testsuite></testsuites>