<?xml version="1.0" encoding="utf-8"?><testsuites name="pytest tests"><testsuite name="pytest" errors="0" failures="0" skipped="0" tests="22" time="4.074" timestamp="2026-02-03T19:08:33.314176+00:00" hostname="agent-env-af736d0c-1cf2-4526-9167-7a99fad1faf6"><testcase classname="backend.tests.test_new_features.TestAuth" name="test_admin_login" time="0.293" /><testcase classname="backend.tests.test_new_features.TestProgramBatchSize" name="test_create_program_with_batch_size_2" time="0.377" /><testcase classname="backend.tests.test_new_features.TestProgramBatchSize" name="test_create_program_with_batch_size_08" time="0.086" /><testcase classname="backend.tests.test_new_features.TestProgramBatchSize" name="test_update_program_batch_size_to_1" time="0.208" /><testcase classname="backend.tests.test_new_features.TestProgramHighlights" name="test_create_program_with_highlights" time="0.387" /><testcase classname="backend.tests.test_new_features.TestProgramHighlights" name="test_update_program_highlights" time="0.163" /><testcase classname="backend.tests.test_new_features.TestProgramHighlights" name="test_public_programs_show_highlights" time="0.117" /><testcase classname="backend.tests.test_new_features.TestMediaGallery" name="test_add_media_landing_category" time="0.337" /><testcase classname="backend.tests.test_new_features.TestMediaGallery" name="test_add_media_student_category" time="0.077" /><testcase classname="backend.tests.test_new_features.TestMediaGallery" name="test_add_media_brand_category" time="0.120" /><testcase classname="backend.tests.test_new_features.TestMediaGallery" name="test_add_media_crew_category" time="0.080" /><testcase classname="backend.tests.test_new_features.TestMediaGallery" name="test_get_public_media_by_category" time="0.113" /><testcase classname="backend.tests.test_new_features.TestMediaGallery" name="test_hidden_media_not_in_public" time="0.114" /><testcase classname="backend.tests.test_new_features.TestMediaGallery" name="test_admin_get_all_media" time="0.040" /><testcase classname="backend.tests.test_new_features.TestMediaGallery" name="test_update_media_visibility" time="0.115" /><testcase classname="backend.tests.test_new_features.TestMediaGallery" name="test_delete_media" time="0.114" /><testcase classname="backend.tests.test_new_features.TestUnitBuilder" name="test_create_unit" time="0.414" /><testcase classname="backend.tests.test_new_features.TestUnitBuilder" name="test_get_program_units" time="0.110" /><testcase classname="backend.tests.test_new_features.TestUnitBuilder" name="test_update_unit" time="0.162" /><testcase classname="backend.tests.test_new_features.TestUnitBuilder" name="test_delete_unit" time="0.111" /><testcase classname="backend.tests.test_new_features.TestUnitBuilder" name="test_unit_requires_valid_brand" time="0.079" /><testcase classname="backend.tests.test_new_features.TestAdminLoginRedirect" name="test_admin_login_returns_admin_role" time="0.262" /></testsuite></testsuites>