<?xml version="1.0" encoding="utf-8"?><testsuites name="pytest tests"><testsuite name="pytest" errors="0" failures="0" skipped="0" tests="16" time="2.444" timestamp="2026-01-30T11:26:27.766287+00:00" hostname="agent-env-96e1b6d5-2c1d-483d-a544-f0b01a1a3bca"><testcase classname="backend.tests.test_multimodal_auth_leads.TestHealthCheck" name="test_api_running" time="0.063" /><testcase classname="backend.tests.test_multimodal_auth_leads.TestEmailLogin" name="test_admin_login_success" time="0.260" /><testcase classname="backend.tests.test_multimodal_auth_leads.TestEmailLogin" name="test_login_invalid_credentials" time="0.040" /><testcase classname="backend.tests.test_multimodal_auth_leads.TestNFCLogin" name="test_nfc_login_success" time="0.109" /><testcase classname="backend.tests.test_multimodal_auth_leads.TestNFCLogin" name="test_nfc_login_invalid_card" time="0.075" /><testcase classname="backend.tests.test_multimodal_auth_leads.TestMobileOTPLogin" name="test_send_otp_success" time="0.037" /><testcase classname="backend.tests.test_multimodal_auth_leads.TestMobileOTPLogin" name="test_verify_otp_success" time="0.082" /><testcase classname="backend.tests.test_multimodal_auth_leads.TestMobileOTPLogin" name="test_verify_otp_invalid" time="0.066" /><testcase classname="backend.tests.test_multimodal_auth_leads.TestMobileOTPLogin" name="test_mobile_login_flow" time="0.035" /><testcase classname="backend.tests.test_multimodal_auth_leads.TestLeadManagement" name="test_create_lead_public" time="0.030" /><testcase classname="backend.tests.test_multimodal_auth_leads.TestLeadManagement" name="test_get_leads_admin" time="0.340" /><testcase classname="backend.tests.test_multimodal_auth_leads.TestLeadManagement" name="test_get_lead_stats_admin" time="0.296" /><testcase classname="backend.tests.test_multimodal_auth_leads.TestLeadManagement" name="test_update_lead_status" time="0.329" /><testcase classname="backend.tests.test_multimodal_auth_leads.TestLeadManagement" name="test_export_leads_excel" time="0.304" /><testcase classname="backend.tests.test_multimodal_auth_leads.TestLeadManagement" name="test_leads_unauthorized" time="0.034" /><testcase classname="backend.tests.test_multimodal_auth_leads.TestAdminStats" name="test_admin_stats" time="0.293" /></testsuite></testsuites>