<?xml version="1.0" encoding="utf-8"?><testsuites name="pytest tests"><testsuite name="pytest" errors="0" failures="0" skipped="0" tests="15" time="4.885" timestamp="2026-02-03T19:22:17.647736+00:00" hostname="agent-env-af736d0c-1cf2-4526-9167-7a99fad1faf6"><testcase classname="backend.tests.test_unit_progress.TestAuthentication" name="test_admin_login" time="0.330" /><testcase classname="backend.tests.test_unit_progress.TestAuthentication" name="test_student_login" time="0.266" /><testcase classname="backend.tests.test_unit_progress.TestStudentProgressAPI" name="test_get_student_progress" time="0.308" /><testcase classname="backend.tests.test_unit_progress.TestStudentProgressAPI" name="test_get_student_progress_unauthorized" time="0.037" /><testcase classname="backend.tests.test_unit_progress.TestStudentProgressAPI" name="test_student_mark_unit_in_progress" time="0.642" /><testcase classname="backend.tests.test_unit_progress.TestStudentProgressAPI" name="test_student_cannot_mark_completed" time="0.414" /><testcase classname="backend.tests.test_unit_progress.TestAdminProgressAPI" name="test_admin_mark_unit_completed" time="0.513" /><testcase classname="backend.tests.test_unit_progress.TestAdminProgressAPI" name="test_admin_update_with_score" time="0.452" /><testcase classname="backend.tests.test_unit_progress.TestAdminProgressAPI" name="test_admin_update_invalid_student" time="0.299" /><testcase classname="backend.tests.test_unit_progress.TestAdminProgressAPI" name="test_admin_update_invalid_unit" time="0.337" /><testcase classname="backend.tests.test_unit_progress.TestProgramProgressOverview" name="test_get_program_progress_overview" time="0.336" /><testcase classname="backend.tests.test_unit_progress.TestUnitBuilder" name="test_create_unit" time="0.459" /><testcase classname="backend.tests.test_unit_progress.TestUnitBuilder" name="test_get_program_units" time="0.347" /><testcase classname="backend.tests.test_unit_progress.TestMediaGallery" name="test_get_public_media_landing" time="0.037" /><testcase classname="backend.tests.test_unit_progress.TestMediaGallery" name="test_get_public_media_student" time="0.035" /></testsuite></testsuites>