<?xml version="1.0" encoding="utf-8"?><testsuites name="pytest tests"><testsuite name="pytest" errors="0" failures="0" skipped="0" tests="25" time="5.957" timestamp="2026-02-03T17:12:44.594739+00:00" hostname="agent-env-b8ac1f6a-af56-477c-a0e1-bce1560c7a20"><testcase classname="backend.tests.test_brands.TestBrandManagement" name="test_public_brands_endpoint_returns_200" time="0.108" /><testcase classname="backend.tests.test_brands.TestBrandManagement" name="test_public_brands_returns_list" time="0.045" /><testcase classname="backend.tests.test_brands.TestBrandManagement" name="test_public_brands_only_returns_visible" time="0.046" /><testcase classname="backend.tests.test_brands.TestBrandManagement" name="test_public_brands_have_required_fields" time="0.042" /><testcase classname="backend.tests.test_brands.TestBrandManagement" name="test_admin_brands_requires_auth" time="0.043" /><testcase classname="backend.tests.test_brands.TestBrandManagement" name="test_admin_brands_requires_admin_role" time="0.347" /><testcase classname="backend.tests.test_brands.TestBrandManagement" name="test_admin_brands_returns_all_brands" time="0.314" /><testcase classname="backend.tests.test_brands.TestBrandManagement" name="test_create_brand_requires_auth" time="0.040" /><testcase classname="backend.tests.test_brands.TestBrandManagement" name="test_create_brand_success" time="0.370" /><testcase classname="backend.tests.test_brands.TestBrandManagement" name="test_create_brand_with_minimal_data" time="0.364" /><testcase classname="backend.tests.test_brands.TestBrandManagement" name="test_update_brand_success" time="0.450" /><testcase classname="backend.tests.test_brands.TestBrandManagement" name="test_update_nonexistent_brand_returns_404" time="0.316" /><testcase classname="backend.tests.test_brands.TestBrandManagement" name="test_delete_brand_success" time="0.437" /><testcase classname="backend.tests.test_brands.TestBrandManagement" name="test_delete_nonexistent_brand_returns_404" time="0.305" /><testcase classname="backend.tests.test_brands.TestBrandManagement" name="test_toggle_brand_visibility" time="0.524" /><testcase classname="backend.tests.test_brands.TestBrandManagement" name="test_seed_defaults_requires_admin" time="0.041" /><testcase classname="backend.tests.test_brands.TestBrandManagement" name="test_seed_defaults_when_brands_exist" time="0.315" /><testcase classname="backend.tests.test_brands.TestBrandManagement" name="test_logo_upload_requires_auth" time="0.040" /><testcase classname="backend.tests.test_brands.TestBrandManagement" name="test_logo_upload_validates_file_type" time="0.358" /><testcase classname="backend.tests.test_brands.TestBrandManagement" name="test_logo_delete_requires_auth" time="0.045" /><testcase classname="backend.tests.test_brands.TestBrandManagement" name="test_get_single_brand_success" time="0.358" /><testcase classname="backend.tests.test_brands.TestBrandManagement" name="test_get_nonexistent_brand_returns_404" time="0.339" /><testcase classname="backend.tests.test_brands.TestBrandManagement" name="test_default_brands_count" time="0.046" /><testcase classname="backend.tests.test_brands.TestBrandManagement" name="test_default_brands_names" time="0.041" /><testcase classname="backend.tests.test_brands.TestBrandIntegration" name="test_full_brand_crud_flow" time="0.507" /></testsuite></testsuites>