<?xml version="1.0" encoding="utf-8"?><testsuites name="pytest tests"><testsuite name="pytest" errors="0" failures="0" skipped="0" tests="16" time="5.449" timestamp="2026-02-03T20:37:38.140230+00:00" hostname="agent-env-e9a4ec93-6a44-454a-af3c-77972319845f"><testcase classname="backend.tests.test_nfc_attendance.TestNFCAttendanceFeatures" name="test_01_get_assessment_categories" time="0.308" /><testcase classname="backend.tests.test_nfc_attendance.TestNFCAttendanceFeatures" name="test_02_create_assessment_category" time="0.283" /><testcase classname="backend.tests.test_nfc_attendance.TestNFCAttendanceFeatures" name="test_03_update_assessment_category" time="0.322" /><testcase classname="backend.tests.test_nfc_attendance.TestNFCAttendanceFeatures" name="test_04_delete_assessment_category" time="0.290" /><testcase classname="backend.tests.test_nfc_attendance.TestNFCAttendanceFeatures" name="test_05_get_crew_units" time="0.311" /><testcase classname="backend.tests.test_nfc_attendance.TestNFCAttendanceFeatures" name="test_06_start_attendance_session" time="0.330" /><testcase classname="backend.tests.test_nfc_attendance.TestNFCAttendanceFeatures" name="test_07_get_active_session" time="0.393" /><testcase classname="backend.tests.test_nfc_attendance.TestNFCAttendanceFeatures" name="test_08_get_session_details" time="0.394" /><testcase classname="backend.tests.test_nfc_attendance.TestNFCAttendanceFeatures" name="test_09_end_attendance_session" time="0.336" /><testcase classname="backend.tests.test_nfc_attendance.TestNFCAttendanceFeatures" name="test_10_get_crew_sessions_history" time="0.267" /><testcase classname="backend.tests.test_nfc_attendance.TestNFCAttendanceFeatures" name="test_11_nfc_tap_attendance_no_student" time="0.383" /><testcase classname="backend.tests.test_nfc_attendance.TestNFCAttendanceFeatures" name="test_12_nfc_tap_inactive_session" time="0.352" /><testcase classname="backend.tests.test_nfc_attendance.TestNFCAttendanceFeatures" name="test_13_assessment_submission_invalid_crew_nfc" time="0.323" /><testcase classname="backend.tests.test_nfc_attendance.TestNFCAttendanceFeatures" name="test_14_full_attendance_flow" time="0.451" /><testcase classname="backend.tests.test_nfc_attendance.TestAdminAssessmentCategoriesUI" name="test_admin_can_view_categories" time="0.272" /><testcase classname="backend.tests.test_nfc_attendance.TestAdminAssessmentCategoriesUI" name="test_admin_crud_category" time="0.355" /></testsuite></testsuites>