<?xml version="1.0" encoding="utf-8"?><testsuites name="pytest tests"><testsuite name="pytest" errors="0" failures="0" skipped="0" tests="14" time="2.704" timestamp="2026-01-30T12:12:32.032213+00:00" hostname="agent-env-96e1b6d5-2c1d-483d-a544-f0b01a1a3bca"><testcase classname="backend.tests.test_cms_features.TestCMSSettings" name="test_get_cms_settings_public" time="0.084" /><testcase classname="backend.tests.test_cms_features.TestCMSSettings" name="test_get_cms_settings_has_university_email" time="0.042" /><testcase classname="backend.tests.test_cms_features.TestCMSSettings" name="test_put_cms_settings_requires_auth" time="0.039" /><testcase classname="backend.tests.test_cms_features.TestCMSSettings" name="test_put_cms_settings_admin_only" time="0.339" /><testcase classname="backend.tests.test_cms_features.TestCMSLandingContent" name="test_get_cms_landing_public" time="0.039" /><testcase classname="backend.tests.test_cms_features.TestCMSLandingContent" name="test_get_cms_landing_has_headlines" time="0.034" /><testcase classname="backend.tests.test_cms_features.TestCMSLandingContent" name="test_get_cms_landing_has_description" time="0.074" /><testcase classname="backend.tests.test_cms_features.TestCMSLandingContent" name="test_get_cms_landing_has_stats" time="0.034" /><testcase classname="backend.tests.test_cms_features.TestCMSLandingContent" name="test_put_cms_landing_requires_auth" time="0.073" /><testcase classname="backend.tests.test_cms_features.TestCMSLandingContent" name="test_put_cms_landing_admin_can_update" time="0.402" /><testcase classname="backend.tests.test_cms_features.TestEmailEndpoints" name="test_send_test_email_endpoint_exists" time="0.513" /><testcase classname="backend.tests.test_cms_features.TestEmailEndpoints" name="test_send_report_email_endpoint_exists" time="0.449" /><testcase classname="backend.tests.test_cms_features.TestAdminLogin" name="test_admin_login_success" time="0.261" /><testcase classname="backend.tests.test_cms_features.TestAdminLogin" name="test_admin_login_invalid_password" time="0.258" /></testsuite></testsuites>